<?xml version="1.0" encoding="UTF-8"?>
<testng-results skipped="0" failed="0" ignored="0" total="1" passed="1">
  <reporter-output>
  </reporter-output>
  <suite name="Data Driven Basics" duration-ms="2288" started-at="2019-03-01T07:28:21Z" finished-at="2019-03-01T07:28:23Z">
    <groups>
    </groups>
    <test name="LoginTest" duration-ms="2288" started-at="2019-03-01T07:28:21Z" finished-at="2019-03-01T07:28:23Z">
      <class name="testcases.LoginTest">
        <test-method status="PASS" signature="setUp()[pri:0, instance:testcases.LoginTest@66d1af89]" name="setUp" is-config="true" duration-ms="5060" started-at="2019-03-01T07:28:16Z" finished-at="2019-03-01T07:28:21Z">
          <reporter-output>
          </reporter-output>
        </test-method> <!-- setUp -->
        <test-method status="PASS" signature="login()[pri:0, instance:testcases.LoginTest@66d1af89]" name="login" duration-ms="2288" started-at="2019-03-01T07:28:21Z" finished-at="2019-03-01T07:28:23Z">
          <reporter-output>
          </reporter-output>
        </test-method> <!-- login -->
        <test-method status="PASS" signature="tearDown()[pri:0, instance:testcases.LoginTest@66d1af89]" name="tearDown" is-config="true" duration-ms="851" started-at="2019-03-01T07:28:23Z" finished-at="2019-03-01T07:28:24Z">
          <reporter-output>
          </reporter-output>
        </test-method> <!-- tearDown -->
      </class> <!-- testcases.LoginTest -->
    </test> <!-- LoginTest -->
  </suite> <!-- Data Driven Basics -->
</testng-results>
